[debug] [2021-02-09T12:08:45.920Z] ----------------------------------------------------------------------
[debug] [2021-02-09T12:08:45.922Z] Command:       /usr/bin/node /usr/bin/firebase login
[debug] [2021-02-09T12:08:45.922Z] CLI Version:   9.3.0
[debug] [2021-02-09T12:08:45.922Z] Platform:      linux
[debug] [2021-02-09T12:08:45.922Z] Node Version:  v15.8.0
[debug] [2021-02-09T12:08:45.923Z] Time:          Tue Feb 09 2021 17:38:45 GMT+0530 (India Standard Time)
[debug] [2021-02-09T12:08:45.923Z] ----------------------------------------------------------------------
[debug] [2021-02-09T12:08:45.923Z] 
[debug] [2021-02-09T12:08:45.925Z] >>> [apiv2][query] GET https://firebase-public.firebaseio.com/cli.json [none]
[info] i  Firebase optionally collects CLI usage and error reporting information to help improve our products. Data is collected in accordance with Google's privacy policy (https://policies.google.com/privacy) and is not used to identify you.
 
[debug] [2021-02-09T12:08:47.683Z] <<< [apiv2][status] GET https://firebase-public.firebaseio.com/cli.json 200
[debug] [2021-02-09T12:08:47.685Z] <<< [apiv2][body] GET https://firebase-public.firebaseio.com/cli.json {"cloudBuildErrorAfter":1594252800000,"cloudBuildWarnAfter":1590019200000,"defaultNode10After":1594252800000,"minVersion":"3.0.5","node8DeploysDisabledAfter":1613390400000,"node8RuntimeDisabledAfter":1615809600000,"node8WarnAfter":1600128000000}
[info] i  To change your data collection preference at any time, run `firebase logout` and log in again. 
[info] 
[info] Visit this URL on this device to log in:
[info] https://accounts.google.com/o/oauth2/auth?client_id=563584335869-fgrhgmd47bqnekij5i8b5pr03ho849e6.apps.googleusercontent.com&scope=email%20openid%20https%3A%2F%2Fwww.googleapis.com%2Fauth%2Fcloudplatformprojects.readonly%20https%3A%2F%2Fwww.googleapis.com%2Fauth%2Ffirebase%20https%3A%2F%2Fwww.googleapis.com%2Fauth%2Fcloud-platform&response_type=code&state=244313746&redirect_uri=http%3A%2F%2Flocalhost%3A9005
[info] 
[info] Waiting for authentication...
[debug] [2021-02-09T12:09:03.952Z] >>> HTTP REQUEST POST https://accounts.google.com/o/oauth2/token  
 {"code":"4/0AY0e-g4LvGiqLXD1dZKrKiosEDjJLFE9c5EApK_RHbsYPmmZJmDwBJmbn8DixAGGgn_BtA","client_id":"563584335869-fgrhgmd47bqnekij5i8b5pr03ho849e6.apps.googleusercontent.com","client_secret":"j9iVZfS8kkCEFUPaAeJV0sAi","redirect_uri":"http://localhost:9005","grant_type":"authorization_code"}
[debug] [2021-02-09T12:10:50.686Z] ----------------------------------------------------------------------
[debug] [2021-02-09T12:10:50.687Z] Command:       /usr/bin/node /usr/bin/firebase login
[debug] [2021-02-09T12:10:50.688Z] CLI Version:   9.3.0
[debug] [2021-02-09T12:10:50.688Z] Platform:      linux
[debug] [2021-02-09T12:10:50.688Z] Node Version:  v15.8.0
[debug] [2021-02-09T12:10:50.688Z] Time:          Tue Feb 09 2021 17:40:50 GMT+0530 (India Standard Time)
[debug] [2021-02-09T12:10:50.689Z] ----------------------------------------------------------------------
[debug] [2021-02-09T12:10:50.689Z] 
[info] i  Firebase optionally collects CLI usage and error reporting information to help improve our products. Data is collected in accordance with Google's privacy policy (https://policies.google.com/privacy) and is not used to identify you.
 
[info] i  To change your data collection preference at any time, run `firebase logout` and log in again. 
[info] 
[info] Visit this URL on this device to log in:
[info] https://accounts.google.com/o/oauth2/auth?client_id=563584335869-fgrhgmd47bqnekij5i8b5pr03ho849e6.apps.googleusercontent.com&scope=email%20openid%20https%3A%2F%2Fwww.googleapis.com%2Fauth%2Fcloudplatformprojects.readonly%20https%3A%2F%2Fwww.googleapis.com%2Fauth%2Ffirebase%20https%3A%2F%2Fwww.googleapis.com%2Fauth%2Fcloud-platform&response_type=code&state=473388319&redirect_uri=http%3A%2F%2Flocalhost%3A9005
[info] 
[info] Waiting for authentication...
[debug] [2021-02-09T12:11:03.291Z] >>> HTTP REQUEST POST https://accounts.google.com/o/oauth2/token  
 {"code":"4/0AY0e-g4f-FaSL8maxlk9Z3fpIHd2BNmoKXLok0ditiunvq8xSo4r93u5-dluZhGbfl1g0g","client_id":"563584335869-fgrhgmd47bqnekij5i8b5pr03ho849e6.apps.googleusercontent.com","client_secret":"j9iVZfS8kkCEFUPaAeJV0sAi","redirect_uri":"http://localhost:9005","grant_type":"authorization_code"}
[debug] [2021-02-09T12:11:03.824Z] <<< HTTP RESPONSE 200 {"pragma":"no-cache","cache-control":"no-cache, no-store, max-age=0, must-revalidate","date":"Tue, 09 Feb 2021 12:11:03 GMT","expires":"Mon, 01 Jan 1990 00:00:00 GMT","content-type":"application/json; charset=utf-8","vary":"X-Origin, Referer, Origin,Accept-Encoding","server":"scaffolding on HTTPServer2","x-xss-protection":"0","x-frame-options":"SAMEORIGIN","x-content-type-options":"nosniff","alt-svc":"h3-29=\":443\"; ma=2592000,h3-T051=\":443\"; ma=2592000,h3-Q050=\":443\"; ma=2592000,h3-Q046=\":443\"; ma=2592000,h3-Q043=\":443\"; ma=2592000,quic=\":443\"; ma=2592000; v=\"46,43\"","accept-ranges":"none","transfer-encoding":"chunked"}
[info] 
[info] ✔  Success! Logged in as aryan.786.2012@gmail.com 
[debug] [2021-02-09T12:12:07.769Z] ----------------------------------------------------------------------
[debug] [2021-02-09T12:12:07.777Z] Command:       /usr/bin/node /usr/bin/firebase init
[debug] [2021-02-09T12:12:07.777Z] CLI Version:   9.3.0
[debug] [2021-02-09T12:12:07.777Z] Platform:      linux
[debug] [2021-02-09T12:12:07.778Z] Node Version:  v15.8.0
[debug] [2021-02-09T12:12:07.778Z] Time:          Tue Feb 09 2021 17:42:07 GMT+0530 (India Standard Time)
[debug] [2021-02-09T12:12:07.778Z] ----------------------------------------------------------------------
[debug] [2021-02-09T12:12:07.778Z] 
[debug] [2021-02-09T12:12:07.782Z] > command requires scopes: ["email","openid","https://www.googleapis.com/auth/cloudplatformprojects.readonly","https://www.googleapis.com/auth/firebase","https://www.googleapis.com/auth/cloud-platform"]
[debug] [2021-02-09T12:12:07.782Z] > authorizing via signed-in user
[info] 
     ######## #### ########  ######## ########     ###     ######  ########
     ##        ##  ##     ## ##       ##     ##  ##   ##  ##       ##
     ######    ##  ########  ######   ########  #########  ######  ######
     ##        ##  ##    ##  ##       ##     ## ##     ##       ## ##
     ##       #### ##     ## ######## ########  ##     ##  ######  ########

You're about to initialize a Firebase project in this directory:

  /home/akki/Desktop/Vue/calender

[debug] [2021-02-09T12:14:14.320Z] ----------------------------------------------------------------------
[debug] [2021-02-09T12:14:14.322Z] Command:       /usr/bin/node /usr/bin/firebase init
[debug] [2021-02-09T12:14:14.322Z] CLI Version:   9.3.0
[debug] [2021-02-09T12:14:14.322Z] Platform:      linux
[debug] [2021-02-09T12:14:14.322Z] Node Version:  v15.8.0
[debug] [2021-02-09T12:14:14.323Z] Time:          Tue Feb 09 2021 17:44:14 GMT+0530 (India Standard Time)
[debug] [2021-02-09T12:14:14.323Z] ----------------------------------------------------------------------
[debug] [2021-02-09T12:14:14.323Z] 
[debug] [2021-02-09T12:14:14.326Z] > command requires scopes: ["email","openid","https://www.googleapis.com/auth/cloudplatformprojects.readonly","https://www.googleapis.com/auth/firebase","https://www.googleapis.com/auth/cloud-platform"]
[debug] [2021-02-09T12:14:14.327Z] > authorizing via signed-in user
[info] 
     ######## #### ########  ######## ########     ###     ######  ########
     ##        ##  ##     ## ##       ##     ##  ##   ##  ##       ##
     ######    ##  ########  ######   ########  #########  ######  ######
     ##        ##  ##    ##  ##       ##     ## ##     ##       ## ##
     ##       #### ##     ## ######## ########  ##     ##  ######  ########

You're about to initialize a Firebase project in this directory:

  /home/akki/Desktop/Vue/calender

